# JRE version: Java(TM) SE Runtime Environment (8.0_271-b09) (build 1.8.0_271-b09)
# Java VM: Java HotSpot(TM) 64-Bit Server VM (25.271-b09 mixed mode windows-amd64 compressed oops)
Heap:
 PSYoungGen      total 70656K, used 5088K [0x00000000eab00000, 0x00000000ef500000, 0x0000000100000000)
  eden space 65536K, 0% used [0x00000000eab00000,0x00000000eab00000,0x00000000eeb00000)
  from space 5120K, 99% used [0x00000000eeb00000,0x00000000eeff8180,0x00000000ef000000)
  to   space 5120K, 0% used [0x00000000ef000000,0x00000000ef000000,0x00000000ef500000)
 ParOldGen       total 86016K, used 31194K [0x00000000c0000000, 0x00000000c5400000, 0x00000000eab00000)
  object space 86016K, 36% used [0x00000000c0000000,0x00000000c1e76a88,0x00000000c5400000)
 Metaspace       used 11923K, capacity 12422K, committed 12672K, reserved 1060864K
  class space    used 1764K, capacity 1903K, committed 1920K, reserved 1048576K
GC Heap History (10 events):
Event: 3.017 GC heap before
{Heap before GC invocations=9 (full 3):
 PSYoungGen      total 70656K, used 52312K [0x00000000eab00000, 0x00000000ef500000, 0x0000000100000000)
  eden space 65536K, 72% used [0x00000000eab00000,0x00000000ed91e230,0x00000000eeb00000)
  from space 5120K, 99% used [0x00000000eeb00000,0x00000000eeff8018,0x00000000ef000000)
  to   space 5120K, 0% used [0x00000000ef000000,0x00000000ef000000,0x00000000ef500000)
 ParOldGen       total 86016K, used 17538K [0x00000000c0000000, 0x00000000c5400000, 0x00000000eab00000)
  object space 86016K, 20% used [0x00000000c0000000,0x00000000c1120af0,0x00000000c5400000)
 Metaspace       used 11921K, capacity 12358K, committed 12416K, reserved 1060864K
  class space    used 1764K, capacity 1903K, committed 1920K, reserved 1048576K
Event: 3.022 GC heap after
Heap after GC invocations=9 (full 3):
 PSYoungGen      total 70656K, used 5114K [0x00000000eab00000, 0x00000000ef500000, 0x0000000100000000)
  eden space 65536K, 0% used [0x00000000eab00000,0x00000000eab00000,0x00000000eeb00000)
  from space 5120K, 99% used [0x00000000ef000000,0x00000000ef4feac0,0x00000000ef500000)
  to   space 5120K, 0% used [0x00000000eeb00000,0x00000000eeb00000,0x00000000ef000000)
 ParOldGen       total 86016K, used 18547K [0x00000000c0000000, 0x00000000c5400000, 0x00000000eab00000)
  object space 86016K, 21% used [0x00000000c0000000,0x00000000c121ce80,0x00000000c5400000)
 Metaspace       used 11921K, capacity 12358K, committed 12416K, reserved 1060864K
  class space    used 1764K, capacity 1903K, committed 1920K, reserved 1048576K
}
Event: 3.022 GC heap before
{Heap before GC invocations=10 (full 4):
 PSYoungGen      total 70656K, used 5114K [0x00000000eab00000, 0x00000000ef500000, 0x0000000100000000)
  eden space 65536K, 0% used [0x00000000eab00000,0x00000000eab00000,0x00000000eeb00000)
  from space 5120K, 99% used [0x00000000ef000000,0x00000000ef4feac0,0x00000000ef500000)
  to   space 5120K, 0% used [0x00000000eeb00000,0x00000000eeb00000,0x00000000ef000000)
 ParOldGen       total 86016K, used 18547K [0x00000000c0000000, 0x00000000c5400000, 0x00000000eab00000)
  object space 86016K, 21% used [0x00000000c0000000,0x00000000c121ce80,0x00000000c5400000)
 Metaspace       used 11921K, capacity 12358K, committed 12416K, reserved 1060864K
  class space    used 1764K, capacity 1903K, committed 1920K, reserved 1048576K
Event: 3.125 GC heap after
Heap after GC invocations=10 (full 4):
 PSYoungGen      total 70656K, used 0K [0x00000000eab00000, 0x00000000ef500000, 0x0000000100000000)
  eden space 65536K, 0% used [0x00000000eab00000,0x00000000eab00000,0x00000000eeb00000)
  from space 5120K, 0% used [0x00000000ef000000,0x00000000ef000000,0x00000000ef500000)
  to   space 5120K, 0% used [0x00000000eeb00000,0x00000000eeb00000,0x00000000ef000000)
 ParOldGen       total 86016K, used 20315K [0x00000000c0000000, 0x00000000c5400000, 0x00000000eab00000)
  object space 86016K, 23% used [0x00000000c0000000,0x00000000c13d6f48,0x00000000c5400000)
 Metaspace       used 11921K, capacity 12358K, committed 12416K, reserved 1060864K
  class space    used 1764K, capacity 1903K, committed 1920K, reserved 1048576K
}
Event: 3.204 GC heap before
{Heap before GC invocations=11 (full 4):
 PSYoungGen      total 70656K, used 65536K [0x00000000eab00000, 0x00000000ef500000, 0x0000000100000000)
  eden space 65536K, 100% used [0x00000000eab00000,0x00000000eeb00000,0x00000000eeb00000)
  from space 5120K, 0% used [0x00000000ef000000,0x00000000ef000000,0x00000000ef500000)
  to   space 5120K, 0% used [0x00000000eeb00000,0x00000000eeb00000,0x00000000ef000000)
 ParOldGen       total 86016K, used 20315K [0x00000000c0000000, 0x00000000c5400000, 0x00000000eab00000)
  object space 86016K, 23% used [0x00000000c0000000,0x00000000c13d6f48,0x00000000c5400000)
 Metaspace       used 11923K, capacity 12422K, committed 12672K, reserved 1060864K
  class space    used 1764K, capacity 1903K, committed 1920K, reserved 1048576K
Event: 3.212 GC heap after
Heap after GC invocations=11 (full 4):
 PSYoungGen      total 70656K, used 5120K [0x00000000eab00000, 0x00000000ef500000, 0x0000000100000000)
  eden space 65536K, 0% used [0x00000000eab00000,0x00000000eab00000,0x00000000eeb00000)
  from space 5120K, 100% used [0x00000000eeb00000,0x00000000ef000000,0x00000000ef000000)
  to   space 5120K, 0% used [0x00000000ef000000,0x00000000ef000000,0x00000000ef500000)
 ParOldGen       total 86016K, used 21355K [0x00000000c0000000, 0x00000000c5400000, 0x00000000eab00000)
  object space 86016K, 24% used [0x00000000c0000000,0x00000000c14daf48,0x00000000c5400000)
 Metaspace       used 11923K, capacity 12422K, committed 12672K, reserved 1060864K
  class space    used 1764K, capacity 1903K, committed 1920K, reserved 1048576K
}
Event: 3.261 GC heap before
{Heap before GC invocations=12 (full 4):
 PSYoungGen      total 70656K, used 42207K [0x00000000eab00000, 0x00000000ef500000, 0x0000000100000000)
  eden space 65536K, 56% used [0x00000000eab00000,0x00000000ecf37c60,0x00000000eeb00000)
  from space 5120K, 100% used [0x00000000eeb00000,0x00000000ef000000,0x00000000ef000000)
  to   space 5120K, 0% used [0x00000000ef000000,0x00000000ef000000,0x00000000ef500000)
 ParOldGen       total 86016K, used 21355K [0x00000000c0000000, 0x00000000c5400000, 0x00000000eab00000)
  object space 86016K, 24% used [0x00000000c0000000,0x00000000c14daf48,0x00000000c5400000)
 Metaspace       used 11923K, capacity 12422K, committed 12672K, reserved 1060864K
  class space    used 1764K, capacity 1903K, committed 1920K, reserved 1048576K
Event: 3.268 GC heap after
Heap after GC invocations=12 (full 4):
 PSYoungGen      total 70656K, used 5120K [0x00000000eab00000, 0x00000000ef500000, 0x0000000100000000)
  eden space 65536K, 0% used [0x00000000eab00000,0x00000000eab00000,0x00000000eeb00000)
  from space 5120K, 100% used [0x00000000ef000000,0x00000000ef500000,0x00000000ef500000)
  to   space 5120K, 0% used [0x00000000eeb00000,0x00000000eeb00000,0x00000000ef000000)
 ParOldGen       total 86016K, used 24611K [0x00000000c0000000, 0x00000000c5400000, 0x00000000eab00000)
  object space 86016K, 28% used [0x00000000c0000000,0x00000000c1808f48,0x00000000c5400000)
 Metaspace       used 11923K, capacity 12422K, committed 12672K, reserved 1060864K
  class space    used 1764K, capacity 1903K, committed 1920K, reserved 1048576K
}
Event: 3.268 GC heap before
{Heap before GC invocations=13 (full 5):
 PSYoungGen      total 70656K, used 5120K [0x00000000eab00000, 0x00000000ef500000, 0x0000000100000000)
  eden space 65536K, 0% used [0x00000000eab00000,0x00000000eab00000,0x00000000eeb00000)
  from space 5120K, 100% used [0x00000000ef000000,0x00000000ef500000,0x00000000ef500000)
  to   space 5120K, 0% used [0x00000000eeb00000,0x00000000eeb00000,0x00000000ef000000)
 ParOldGen       total 86016K, used 24611K [0x00000000c0000000, 0x00000000c5400000, 0x00000000eab00000)
  object space 86016K, 28% used [0x00000000c0000000,0x00000000c1808f48,0x00000000c5400000)
 Metaspace       used 11923K, capacity 12422K, committed 12672K, reserved 1060864K
  class space    used 1764K, capacity 1903K, committed 1920K, reserved 1048576K
Event: 3.429 GC heap after
Heap after GC invocations=13 (full 5):
 PSYoungGen      total 70656K, used 0K [0x00000000eab00000, 0x00000000ef500000, 0x0000000100000000)
  eden space 65536K, 0% used [0x00000000eab00000,0x00000000eab00000,0x00000000eeb00000)
  from space 5120K, 0% used [0x00000000ef000000,0x00000000ef000000,0x00000000ef500000)
  to   space 5120K, 0% used [0x00000000eeb00000,0x00000000eeb00000,0x00000000ef000000)
 ParOldGen       total 86016K, used 29282K [0x00000000c0000000, 0x00000000c5400000, 0x00000000eab00000)
  object space 86016K, 34% used [0x00000000c0000000,0x00000000c1c98a88,0x00000000c5400000)
 Metaspace       used 11923K, capacity 12422K, committed 12672K, reserved 1060864K
  class space    used 1764K, capacity 1903K, committed 1920K, reserved 1048576K
}

