# JRE version: Java(TM) SE Runtime Environment 18.9 (11.0.13+10) (build 11.0.13+10-LTS-370)
# Java VM: Java HotSpot(TM) 64-Bit Server VM 18.9 (11.0.13+10-LTS-370, mixed mode, tiered, compressed oops, g1 gc, windows-amd64)
Heap:
 garbage-first heap   total 266240K, used 142970K [0x00000000c0000000, 0x0000000100000000)
  region size 1024K, 65 young (66560K), 1 survivors (1024K)
 Metaspace       used 16689K, capacity 17178K, committed 17280K, reserved 1064960K
  class space    used 2162K, capacity 2343K, committed 2432K, reserved 1048576K
GC Heap History (10 events):
Event: 2200.515 GC heap before
{Heap before GC invocations=5166 (full 74):
 garbage-first heap   total 266240K, used 233176K [0x00000000c0000000, 0x0000000100000000)
  region size 1024K, 152 young (155648K), 1 survivors (1024K)
 Metaspace       used 16689K, capacity 17178K, committed 17280K, reserved 1064960K
  class space    used 2162K, capacity 2343K, committed 2432K, reserved 1048576K
}
Event: 2200.639 GC heap after
{Heap after GC invocations=5167 (full 74):
 garbage-first heap   total 266240K, used 78300K [0x00000000c0000000, 0x0000000100000000)
  region size 1024K, 1 young (1024K), 1 survivors (1024K)
 Metaspace       used 16689K, capacity 17178K, committed 17280K, reserved 1064960K
  class space    used 2162K, capacity 2343K, committed 2432K, reserved 1048576K
}
Event: 2207.124 GC heap before
{Heap before GC invocations=5167 (full 74):
 garbage-first heap   total 266240K, used 233948K [0x00000000c0000000, 0x0000000100000000)
  region size 1024K, 153 young (156672K), 1 survivors (1024K)
 Metaspace       used 16689K, capacity 17178K, committed 17280K, reserved 1064960K
  class space    used 2162K, capacity 2343K, committed 2432K, reserved 1048576K
}
Event: 2207.143 GC heap after
{Heap after GC invocations=5168 (full 74):
 garbage-first heap   total 266240K, used 79261K [0x00000000c0000000, 0x0000000100000000)
  region size 1024K, 2 young (2048K), 2 survivors (2048K)
 Metaspace       used 16689K, capacity 17178K, committed 17280K, reserved 1064960K
  class space    used 2162K, capacity 2343K, committed 2432K, reserved 1048576K
}
Event: 2207.440 GC heap before
{Heap before GC invocations=5168 (full 74):
 garbage-first heap   total 266240K, used 233885K [0x00000000c0000000, 0x0000000100000000)
  region size 1024K, 153 young (156672K), 2 survivors (2048K)
 Metaspace       used 16689K, capacity 17178K, committed 17280K, reserved 1064960K
  class space    used 2162K, capacity 2343K, committed 2432K, reserved 1048576K
}
Event: 2207.448 GC heap after
{Heap after GC invocations=5169 (full 74):
 garbage-first heap   total 266240K, used 79522K [0x00000000c0000000, 0x0000000100000000)
  region size 1024K, 2 young (2048K), 2 survivors (2048K)
 Metaspace       used 16689K, capacity 17178K, committed 17280K, reserved 1064960K
  class space    used 2162K, capacity 2343K, committed 2432K, reserved 1048576K
}
Event: 2207.653 GC heap before
{Heap before GC invocations=5169 (full 74):
 garbage-first heap   total 266240K, used 234146K [0x00000000c0000000, 0x0000000100000000)
  region size 1024K, 153 young (156672K), 2 survivors (2048K)
 Metaspace       used 16689K, capacity 17178K, committed 17280K, reserved 1064960K
  class space    used 2162K, capacity 2343K, committed 2432K, reserved 1048576K
}
Event: 2207.655 GC heap after
{Heap after GC invocations=5170 (full 74):
 garbage-first heap   total 266240K, used 79851K [0x00000000c0000000, 0x0000000100000000)
  region size 1024K, 2 young (2048K), 2 survivors (2048K)
 Metaspace       used 16689K, capacity 17178K, committed 17280K, reserved 1064960K
  class space    used 2162K, capacity 2343K, committed 2432K, reserved 1048576K
}
Event: 2232.369 GC heap before
{Heap before GC invocations=5170 (full 74):
 garbage-first heap   total 266240K, used 234475K [0x00000000c0000000, 0x0000000100000000)
  region size 1024K, 153 young (156672K), 2 survivors (2048K)
 Metaspace       used 16689K, capacity 17178K, committed 17280K, reserved 1064960K
  class space    used 2162K, capacity 2343K, committed 2432K, reserved 1048576K
}
Event: 2232.594 GC heap after
{Heap after GC invocations=5171 (full 74):
 garbage-first heap   total 266240K, used 78458K [0x00000000c0000000, 0x0000000100000000)
  region size 1024K, 1 young (1024K), 1 survivors (1024K)
 Metaspace       used 16689K, capacity 17178K, committed 17280K, reserved 1064960K
  class space    used 2162K, capacity 2343K, committed 2432K, reserved 1048576K
}

